{"/home/kurttheviking/open-source/egreedy/index.js":{"path":"/home/kurttheviking/open-source/egreedy/index.js","s":{"1":1,"2":1,"3":1,"4":1,"5":1,"6":28,"7":28,"8":1,"9":27,"10":27,"11":27,"12":27,"13":4,"14":23,"15":2,"16":21,"17":2,"18":19,"19":19,"20":1,"21":1,"22":1,"23":1,"24":1},"b":{"1":[28,5],"2":[1,27],"3":[9,18],"4":[9,18],"5":[4,23],"6":[2,21],"7":[2,19]},"f":{"1":28},"fnMap":{"1":{"name":"Algorithm","line":7,"loc":{"start":{"line":7,"column":0},"end":{"line":7,"column":28}}}},"statementMap":{"1":{"start":{"line":1,"column":0},"end":{"line":1,"column":26}},"2":{"start":{"line":2,"column":0},"end":{"line":2,"column":35}},"3":{"start":{"line":3,"column":0},"end":{"line":3,"column":40}},"4":{"start":{"line":5,"column":0},"end":{"line":5,"column":28}},"5":{"start":{"line":7,"column":0},"end":{"line":29,"column":1}},"6":{"start":{"line":8,"column":2},"end":{"line":8,"column":27}},"7":{"start":{"line":10,"column":2},"end":{"line":12,"column":3}},"8":{"start":{"line":11,"column":4},"end":{"line":11,"column":31}},"9":{"start":{"line":14,"column":2},"end":{"line":14,"column":22}},"10":{"start":{"line":16,"column":2},"end":{"line":16,"column":69}},"11":{"start":{"line":17,"column":2},"end":{"line":17,"column":78}},"12":{"start":{"line":19,"column":2},"end":{"line":25,"column":3}},"13":{"start":{"line":20,"column":4},"end":{"line":20,"column":63}},"14":{"start":{"line":21,"column":9},"end":{"line":25,"column":3}},"15":{"start":{"line":22,"column":4},"end":{"line":22,"column":66}},"16":{"start":{"line":23,"column":9},"end":{"line":25,"column":3}},"17":{"start":{"line":24,"column":4},"end":{"line":24,"column":69}},"18":{"start":{"line":27,"column":2},"end":{"line":27,"column":85}},"19":{"start":{"line":28,"column":2},"end":{"line":28,"column":85}},"20":{"start":{"line":31,"column":0},"end":{"line":31,"column":56}},"21":{"start":{"line":32,"column":0},"end":{"line":32,"column":60}},"22":{"start":{"line":33,"column":0},"end":{"line":33,"column":60}},"23":{"start":{"line":34,"column":0},"end":{"line":34,"column":66}},"24":{"start":{"line":36,"column":0},"end":{"line":36,"column":27}}},"branchMap":{"1":{"line":8,"type":"binary-expr","locations":[{"start":{"line":8,"column":13},"end":{"line":8,"column":20}},{"start":{"line":8,"column":24},"end":{"line":8,"column":26}}]},"2":{"line":10,"type":"if","locations":[{"start":{"line":10,"column":2},"end":{"line":10,"column":2}},{"start":{"line":10,"column":2},"end":{"line":10,"column":2}}]},"3":{"line":16,"type":"cond-expr","locations":[{"start":{"line":16,"column":41},"end":{"line":16,"column":42}},{"start":{"line":16,"column":45},"end":{"line":16,"column":68}}]},"4":{"line":17,"type":"cond-expr","locations":[{"start":{"line":17,"column":47},"end":{"line":17,"column":50}},{"start":{"line":17,"column":53},"end":{"line":17,"column":77}}]},"5":{"line":19,"type":"if","locations":[{"start":{"line":19,"column":2},"end":{"line":19,"column":2}},{"start":{"line":19,"column":2},"end":{"line":19,"column":2}}]},"6":{"line":21,"type":"if","locations":[{"start":{"line":21,"column":9},"end":{"line":21,"column":9}},{"start":{"line":21,"column":9},"end":{"line":21,"column":9}}]},"7":{"line":23,"type":"if","locations":[{"start":{"line":23,"column":9},"end":{"line":23,"column":9}},{"start":{"line":23,"column":9},"end":{"line":23,"column":9}}]}}},"/home/kurttheviking/open-source/egreedy/lib/load.js":{"path":"/home/kurttheviking/open-source/egreedy/lib/load.js","s":{"1":1,"2":1,"3":1,"4":4,"5":4,"6":4,"7":4,"8":4,"9":4,"10":1,"11":3,"12":1,"13":2,"14":1},"b":{"1":[1,3],"2":[1,2]},"f":{"1":4},"fnMap":{"1":{"name":"load","line":4,"loc":{"start":{"line":4,"column":0},"end":{"line":4,"column":21}}}},"statementMap":{"1":{"start":{"line":1,"column":0},"end":{"line":1,"column":26}},"2":{"start":{"line":2,"column":0},"end":{"line":2,"column":45}},"3":{"start":{"line":4,"column":0},"end":{"line":19,"column":1}},"4":{"start":{"line":5,"column":2},"end":{"line":5,"column":26}},"5":{"start":{"line":7,"column":2},"end":{"line":7,"column":25}},"6":{"start":{"line":8,"column":2},"end":{"line":8,"column":31}},"7":{"start":{"line":9,"column":2},"end":{"line":9,"column":38}},"8":{"start":{"line":10,"column":2},"end":{"line":10,"column":38}},"9":{"start":{"line":12,"column":2},"end":{"line":16,"column":3}},"10":{"start":{"line":13,"column":4},"end":{"line":13,"column":76}},"11":{"start":{"line":14,"column":9},"end":{"line":16,"column":3}},"12":{"start":{"line":15,"column":4},"end":{"line":15,"column":76}},"13":{"start":{"line":18,"column":2},"end":{"line":18,"column":28}},"14":{"start":{"line":21,"column":0},"end":{"line":21,"column":22}}},"branchMap":{"1":{"line":12,"type":"if","locations":[{"start":{"line":12,"column":2},"end":{"line":12,"column":2}},{"start":{"line":12,"column":2},"end":{"line":12,"column":2}}]},"2":{"line":14,"type":"if","locations":[{"start":{"line":14,"column":9},"end":{"line":14,"column":9}},{"start":{"line":14,"column":9},"end":{"line":14,"column":9}}]}}},"/home/kurttheviking/open-source/egreedy/lib/reward.js":{"path":"/home/kurttheviking/open-source/egreedy/lib/reward.js","s":{"1":1,"2":1,"3":1,"4":110,"5":110,"6":110,"7":110,"8":3,"9":107,"10":2,"11":105,"12":3,"13":102,"14":102,"15":102,"16":102,"17":102,"18":102,"19":1},"b":{"1":[3,107],"2":[2,105],"3":[107,106],"4":[3,102]},"f":{"1":110},"fnMap":{"1":{"name":"reward","line":4,"loc":{"start":{"line":4,"column":0},"end":{"line":4,"column":26}}}},"statementMap":{"1":{"start":{"line":1,"column":0},"end":{"line":1,"column":26}},"2":{"start":{"line":2,"column":0},"end":{"line":2,"column":47}},"3":{"start":{"line":4,"column":0},"end":{"line":28,"column":1}},"4":{"start":{"line":5,"column":2},"end":{"line":5,"column":9}},"5":{"start":{"line":6,"column":2},"end":{"line":6,"column":12}},"6":{"start":{"line":8,"column":2},"end":{"line":8,"column":43}},"7":{"start":{"line":10,"column":2},"end":{"line":16,"column":3}},"8":{"start":{"line":11,"column":4},"end":{"line":11,"column":70}},"9":{"start":{"line":12,"column":9},"end":{"line":16,"column":3}},"10":{"start":{"line":13,"column":4},"end":{"line":13,"column":51}},"11":{"start":{"line":14,"column":9},"end":{"line":16,"column":3}},"12":{"start":{"line":15,"column":4},"end":{"line":15,"column":73}},"13":{"start":{"line":18,"column":2},"end":{"line":18,"column":26}},"14":{"start":{"line":19,"column":2},"end":{"line":19,"column":27}},"15":{"start":{"line":21,"column":2},"end":{"line":21,"column":34}},"16":{"start":{"line":23,"column":2},"end":{"line":23,"column":62}},"17":{"start":{"line":25,"column":2},"end":{"line":25,"column":46}},"18":{"start":{"line":27,"column":2},"end":{"line":27,"column":28}},"19":{"start":{"line":30,"column":0},"end":{"line":30,"column":24}}},"branchMap":{"1":{"line":10,"type":"if","locations":[{"start":{"line":10,"column":2},"end":{"line":10,"column":2}},{"start":{"line":10,"column":2},"end":{"line":10,"column":2}}]},"2":{"line":12,"type":"if","locations":[{"start":{"line":12,"column":9},"end":{"line":12,"column":9}},{"start":{"line":12,"column":9},"end":{"line":12,"column":9}}]},"3":{"line":12,"type":"binary-expr","locations":[{"start":{"line":12,"column":13},"end":{"line":12,"column":29}},{"start":{"line":12,"column":33},"end":{"line":12,"column":40}}]},"4":{"line":14,"type":"if","locations":[{"start":{"line":14,"column":9},"end":{"line":14,"column":9}},{"start":{"line":14,"column":9},"end":{"line":14,"column":9}}]}}},"/home/kurttheviking/open-source/egreedy/lib/select.js":{"path":"/home/kurttheviking/open-source/egreedy/lib/select.js","s":{"1":1,"2":1,"3":1,"4":119,"5":119,"6":119,"7":39,"8":39,"9":80,"10":80,"11":119,"12":1},"b":{"1":[39,80],"2":[119,89]},"f":{"1":119},"fnMap":{"1":{"name":"select","line":4,"loc":{"start":{"line":4,"column":0},"end":{"line":4,"column":18}}}},"statementMap":{"1":{"start":{"line":1,"column":0},"end":{"line":1,"column":26}},"2":{"start":{"line":2,"column":0},"end":{"line":2,"column":47}},"3":{"start":{"line":4,"column":0},"end":{"line":17,"column":1}},"4":{"start":{"line":5,"column":2},"end":{"line":5,"column":10}},"5":{"start":{"line":6,"column":2},"end":{"line":6,"column":29}},"6":{"start":{"line":8,"column":2},"end":{"line":14,"column":3}},"7":{"start":{"line":9,"column":4},"end":{"line":9,"column":37}},"8":{"start":{"line":10,"column":4},"end":{"line":10,"column":34}},"9":{"start":{"line":12,"column":4},"end":{"line":12,"column":65}},"10":{"start":{"line":13,"column":4},"end":{"line":13,"column":34}},"11":{"start":{"line":16,"column":2},"end":{"line":16,"column":13}},"12":{"start":{"line":19,"column":0},"end":{"line":19,"column":24}}},"branchMap":{"1":{"line":8,"type":"if","locations":[{"start":{"line":8,"column":2},"end":{"line":8,"column":2}},{"start":{"line":8,"column":2},"end":{"line":8,"column":2}}]},"2":{"line":8,"type":"binary-expr","locations":[{"start":{"line":8,"column":6},"end":{"line":8,"column":41}},{"start":{"line":8,"column":45},"end":{"line":8,"column":52}}]}}},"/home/kurttheviking/open-source/egreedy/lib/serialize.js":{"path":"/home/kurttheviking/open-source/egreedy/lib/serialize.js","s":{"1":1,"2":1,"3":1,"4":1,"5":1,"6":1},"b":{},"f":{"1":1},"fnMap":{"1":{"name":"serialize","line":3,"loc":{"start":{"line":3,"column":0},"end":{"line":3,"column":21}}}},"statementMap":{"1":{"start":{"line":1,"column":0},"end":{"line":1,"column":50}},"2":{"start":{"line":3,"column":0},"end":{"line":13,"column":1}},"3":{"start":{"line":4,"column":2},"end":{"line":9,"column":4}},"4":{"start":{"line":11,"column":2},"end":{"line":11,"column":28}},"5":{"start":{"line":12,"column":2},"end":{"line":12,"column":13}},"6":{"start":{"line":15,"column":0},"end":{"line":15,"column":27}}},"branchMap":{}}}